app/build/intermediates/manifest_merge_blame_file/debug/manifest-merger-blame-debug-report.txt
1<?xml version="1.0" encoding="utf-8"?>
2<manifest xmlns:android="http://schemas.android.com/apk/res/android"
3    package="com.digitalhouse.moviewallet"
4    android:versionCode="1"
5    android:versionName="1.0" >
6
7    <uses-sdk
8        android:minSdkVersion="26"
8-->src\main\AndroidManifest.xml
9        android:targetSdkVersion="30" />
9-->src\main\AndroidManifest.xml
10
11    <uses-permission android:name="android.permission.INTERNET" />
11-->src\main\AndroidManifest.xml:5:5-67
11-->src\main\AndroidManifest.xml:5:22-64
12    <uses-permission android:name="android.permission.ACCESS_NETWORK_STATE" />
12-->src\main\AndroidManifest.xml:6:5-79
12-->src\main\AndroidManifest.xml:6:22-76
13    <uses-permission android:name="android.permission.WAKE_LOCK" />
13-->[com.google.android.gms:play-services-measurement-api:18.0.3] AndroidManifest.xml:24:5-68
13-->[com.google.android.gms:play-services-measurement-api:18.0.3] AndroidManifest.xml:24:22-65
14    <uses-permission android:name="com.google.android.finsky.permission.BIND_GET_INSTALL_REFERRER_SERVICE" />
14-->[com.google.android.gms:play-services-measurement:18.0.3] AndroidManifest.xml:26:5-110
14-->[com.google.android.gms:play-services-measurement:18.0.3] AndroidManifest.xml:26:22-107
15
16    <application
16-->src\main\AndroidManifest.xml:8:5-34:19
17        android:allowBackup="true"
17-->src\main\AndroidManifest.xml:9:9-35
18        android:appComponentFactory="androidx.core.app.CoreComponentFactory"
18-->[androidx.core:core:1.3.2] AndroidManifest.xml:24:18-86
19        android:debuggable="true"
20        android:extractNativeLibs="false"
21        android:icon="@mipmap/ic_mw"
21-->src\main\AndroidManifest.xml:10:9-37
22        android:label="@string/app_name"
22-->src\main\AndroidManifest.xml:11:9-41
23        android:roundIcon="@mipmap/ic_launcher_round"
23-->src\main\AndroidManifest.xml:12:9-54
24        android:supportsRtl="true"
24-->src\main\AndroidManifest.xml:13:9-35
25        android:testOnly="true"
26        android:theme="@style/Theme.MovieWallet"
26-->src\main\AndroidManifest.xml:14:9-49
27        android:usesCleartextTraffic="true" >
27-->src\main\AndroidManifest.xml:15:9-44
28        <activity android:name="com.digitalhouse.moviewallet.ui.activity.MainActivity" >
28-->src\main\AndroidManifest.xml:16:9-22:20
28-->src\main\AndroidManifest.xml:16:19-59
29            <intent-filter>
29-->src\main\AndroidManifest.xml:17:13-21:29
30                <action android:name="android.intent.action.MAIN" />
30-->src\main\AndroidManifest.xml:18:17-69
30-->src\main\AndroidManifest.xml:18:25-66
31
32                <category android:name="android.intent.category.LAUNCHER" />
32-->src\main\AndroidManifest.xml:20:17-77
32-->src\main\AndroidManifest.xml:20:27-74
33            </intent-filter>
34        </activity>
35        <activity android:name="com.digitalhouse.moviewallet.ui.activity.HomeScreen" />
35-->src\main\AndroidManifest.xml:23:9-60
35-->src\main\AndroidManifest.xml:23:19-57
36        <activity android:name="com.digitalhouse.moviewallet.ui.activity.SearchScreen" />
36-->src\main\AndroidManifest.xml:24:9-62
36-->src\main\AndroidManifest.xml:24:19-59
37        <activity android:name="com.digitalhouse.moviewallet.ui.activity.DetailsScreen" />
37-->src\main\AndroidManifest.xml:25:9-63
37-->src\main\AndroidManifest.xml:25:19-60
38        <activity android:name="com.digitalhouse.moviewallet.ui.activity.LoginScreen" />
38-->src\main\AndroidManifest.xml:26:9-61
38-->src\main\AndroidManifest.xml:26:19-58
39        <activity android:name="com.digitalhouse.moviewallet.ui.activity.RegisterScreen" />
39-->src\main\AndroidManifest.xml:27:9-64
39-->src\main\AndroidManifest.xml:27:19-61
40        <activity android:name="com.digitalhouse.moviewallet.ui.activity.ContextScreen" />
40-->src\main\AndroidManifest.xml:28:9-63
40-->src\main\AndroidManifest.xml:28:19-60
41        <activity android:name="com.digitalhouse.moviewallet.ui.activity.SettingsScreen" />
41-->src\main\AndroidManifest.xml:29:9-64
41-->src\main\AndroidManifest.xml:29:19-61
42
43        <meta-data
43-->src\main\AndroidManifest.xml:31:9-33:55
44            android:name="com.facebook.sdk.ApplicationId"
44-->src\main\AndroidManifest.xml:32:13-58
45            android:value="@string/facebook_app_id" />
45-->src\main\AndroidManifest.xml:33:13-52
46
47        <provider
47-->[com.squareup.picasso:picasso:2.71828] AndroidManifest.xml:8:9-11:40
48            android:name="com.squareup.picasso.PicassoProvider"
48-->[com.squareup.picasso:picasso:2.71828] AndroidManifest.xml:9:13-64
49            android:authorities="com.digitalhouse.moviewallet.com.squareup.picasso"
49-->[com.squareup.picasso:picasso:2.71828] AndroidManifest.xml:10:13-72
50            android:exported="false" />
50-->[com.squareup.picasso:picasso:2.71828] AndroidManifest.xml:11:13-37
51
52        <service
52-->[com.google.firebase:firebase-firestore-ktx:22.1.2] AndroidManifest.xml:12:9-18:19
53            android:name="com.google.firebase.components.ComponentDiscoveryService"
53-->[com.google.firebase:firebase-firestore-ktx:22.1.2] AndroidManifest.xml:13:13-84
54            android:directBootAware="true"
54-->[com.google.firebase:firebase-common:19.5.0] AndroidManifest.xml:35:13-43
55            android:exported="false" >
55-->[com.google.firebase:firebase-firestore-ktx:22.1.2] AndroidManifest.xml:14:13-37
56            <meta-data
56-->[com.google.firebase:firebase-firestore-ktx:22.1.2] AndroidManifest.xml:15:13-17:85
57                android:name="com.google.firebase.components:com.google.firebase.firestore.ktx.FirebaseFirestoreKtxRegistrar"
57-->[com.google.firebase:firebase-firestore-ktx:22.1.2] AndroidManifest.xml:16:17-126
58                android:value="com.google.firebase.components.ComponentRegistrar" />
58-->[com.google.firebase:firebase-firestore-ktx:22.1.2] AndroidManifest.xml:17:17-82
59            <meta-data
59-->[com.google.firebase:firebase-firestore:22.1.2] AndroidManifest.xml:20:13-22:85
60                android:name="com.google.firebase.components:com.google.firebase.firestore.FirestoreRegistrar"
60-->[com.google.firebase:firebase-firestore:22.1.2] AndroidManifest.xml:21:17-111
61                android:value="com.google.firebase.components.ComponentRegistrar" />
61-->[com.google.firebase:firebase-firestore:22.1.2] AndroidManifest.xml:22:17-82
62            <meta-data
62-->[com.google.firebase:firebase-analytics-ktx:18.0.3] AndroidManifest.xml:11:13-13:85
63                android:name="com.google.firebase.components:com.google.firebase.analytics.ktx.FirebaseAnalyticsKtxRegistrar"
63-->[com.google.firebase:firebase-analytics-ktx:18.0.3] AndroidManifest.xml:12:17-126
64                android:value="com.google.firebase.components.ComponentRegistrar" />
64-->[com.google.firebase:firebase-analytics-ktx:18.0.3] AndroidManifest.xml:13:17-82
65            <meta-data
65-->[com.google.firebase:firebase-database-ktx:19.7.0] AndroidManifest.xml:15:13-17:85
66                android:name="com.google.firebase.components:com.google.firebase.database.ktx.FirebaseDatabaseKtxRegistrar"
66-->[com.google.firebase:firebase-database-ktx:19.7.0] AndroidManifest.xml:16:17-124
67                android:value="com.google.firebase.components.ComponentRegistrar" />
67-->[com.google.firebase:firebase-database-ktx:19.7.0] AndroidManifest.xml:17:17-82
68            <meta-data
68-->[com.google.firebase:firebase-auth-ktx:20.0.4] AndroidManifest.xml:11:13-13:85
69                android:name="com.google.firebase.components:com.google.firebase.auth.ktx.FirebaseAuthKtxRegistrar"
69-->[com.google.firebase:firebase-auth-ktx:20.0.4] AndroidManifest.xml:12:17-116
70                android:value="com.google.firebase.components.ComponentRegistrar" />
70-->[com.google.firebase:firebase-auth-ktx:20.0.4] AndroidManifest.xml:13:17-82
71            <meta-data
71-->[com.google.firebase:firebase-common-ktx:19.5.0] AndroidManifest.xml:15:13-17:85
72                android:name="com.google.firebase.components:com.google.firebase.ktx.FirebaseCommonKtxRegistrar"
72-->[com.google.firebase:firebase-common-ktx:19.5.0] AndroidManifest.xml:16:17-113
73                android:value="com.google.firebase.components.ComponentRegistrar" />
73-->[com.google.firebase:firebase-common-ktx:19.5.0] AndroidManifest.xml:17:17-82
74            <meta-data
74-->[com.google.firebase:firebase-auth:20.0.4] AndroidManifest.xml:77:13-79:85
75                android:name="com.google.firebase.components:com.google.firebase.auth.FirebaseAuthRegistrar"
75-->[com.google.firebase:firebase-auth:20.0.4] AndroidManifest.xml:78:17-109
76                android:value="com.google.firebase.components.ComponentRegistrar" />
76-->[com.google.firebase:firebase-auth:20.0.4] AndroidManifest.xml:79:17-82
77            <meta-data
77-->[com.google.firebase:firebase-database:19.7.0] AndroidManifest.xml:32:13-34:85
78                android:name="com.google.firebase.components:com.google.firebase.database.DatabaseRegistrar"
78-->[com.google.firebase:firebase-database:19.7.0] AndroidManifest.xml:33:17-109
79                android:value="com.google.firebase.components.ComponentRegistrar" />
79-->[com.google.firebase:firebase-database:19.7.0] AndroidManifest.xml:34:17-82
80            <meta-data
80-->[com.google.android.gms:play-services-measurement-api:18.0.3] AndroidManifest.xml:30:13-32:85
81                android:name="com.google.firebase.components:com.google.firebase.analytics.connector.internal.AnalyticsConnectorRegistrar"
81-->[com.google.android.gms:play-services-measurement-api:18.0.3] AndroidManifest.xml:31:17-139
82                android:value="com.google.firebase.components.ComponentRegistrar" />
82-->[com.google.android.gms:play-services-measurement-api:18.0.3] AndroidManifest.xml:32:17-82
83            <meta-data
83-->[com.google.firebase:firebase-installations:16.3.5] AndroidManifest.xml:18:13-20:85
84                android:name="com.google.firebase.components:com.google.firebase.installations.FirebaseInstallationsRegistrar"
84-->[com.google.firebase:firebase-installations:16.3.5] AndroidManifest.xml:19:17-127
85                android:value="com.google.firebase.components.ComponentRegistrar" />
85-->[com.google.firebase:firebase-installations:16.3.5] AndroidManifest.xml:20:17-82
86            <!--
87                This registrar is not defined in the dynamic-module-support sdk itself to allow non-firebase
88                clients to use it as well, by defining this registrar in their own core/common library.
89            -->
90            <meta-data
90-->[com.google.firebase:firebase-common:19.5.0] AndroidManifest.xml:43:13-45:85
91                android:name="com.google.firebase.components:com.google.firebase.dynamicloading.DynamicLoadingRegistrar"
91-->[com.google.firebase:firebase-common:19.5.0] AndroidManifest.xml:44:17-121
92                android:value="com.google.firebase.components.ComponentRegistrar" />
92-->[com.google.firebase:firebase-common:19.5.0] AndroidManifest.xml:45:17-82
93        </service>
94
95        <activity
95-->[com.facebook.android:facebook-common:8.2.0] AndroidManifest.xml:30:9-33:66
96            android:name="com.facebook.FacebookActivity"
96-->[com.facebook.android:facebook-common:8.2.0] AndroidManifest.xml:31:13-57
97            android:configChanges="keyboard|keyboardHidden|screenLayout|screenSize|orientation"
97-->[com.facebook.android:facebook-common:8.2.0] AndroidManifest.xml:32:13-96
98            android:theme="@style/com_facebook_activity_theme" />
98-->[com.facebook.android:facebook-common:8.2.0] AndroidManifest.xml:33:13-63
99        <activity android:name="com.facebook.CustomTabMainActivity" />
99-->[com.facebook.android:facebook-common:8.2.0] AndroidManifest.xml:34:9-71
99-->[com.facebook.android:facebook-common:8.2.0] AndroidManifest.xml:34:19-68
100        <activity
100-->[com.facebook.android:facebook-common:8.2.0] AndroidManifest.xml:35:9-49:20
101            android:name="com.facebook.CustomTabActivity"
101-->[com.facebook.android:facebook-common:8.2.0] AndroidManifest.xml:36:13-58
102            android:exported="true" >
102-->[com.facebook.android:facebook-common:8.2.0] AndroidManifest.xml:37:13-36
103            <intent-filter>
103-->[com.facebook.android:facebook-common:8.2.0] AndroidManifest.xml:39:13-48:29
104                <action android:name="android.intent.action.VIEW" />
104-->[com.facebook.android:facebook-common:8.2.0] AndroidManifest.xml:40:17-69
104-->[com.facebook.android:facebook-common:8.2.0] AndroidManifest.xml:40:25-66
105
106                <category android:name="android.intent.category.DEFAULT" />
106-->[com.facebook.android:facebook-common:8.2.0] AndroidManifest.xml:42:17-76
106-->[com.facebook.android:facebook-common:8.2.0] AndroidManifest.xml:42:27-73
107                <category android:name="android.intent.category.BROWSABLE" />
107-->[com.facebook.android:facebook-common:8.2.0] AndroidManifest.xml:43:17-78
107-->[com.facebook.android:facebook-common:8.2.0] AndroidManifest.xml:43:27-75
108
109                <data
109-->[com.facebook.android:facebook-common:8.2.0] AndroidManifest.xml:45:17-47:50
110                    android:host="cct.com.digitalhouse.moviewallet"
110-->[com.facebook.android:facebook-common:8.2.0] AndroidManifest.xml:46:21-56
111                    android:scheme="fbconnect" />
111-->[com.facebook.android:facebook-common:8.2.0] AndroidManifest.xml:47:21-47
112            </intent-filter>
113        </activity>
114        <activity
114-->[com.google.android.gms:play-services-auth:19.0.0] AndroidManifest.xml:23:9-27:75
115            android:name="com.google.android.gms.auth.api.signin.internal.SignInHubActivity"
115-->[com.google.android.gms:play-services-auth:19.0.0] AndroidManifest.xml:24:13-93
116            android:excludeFromRecents="true"
116-->[com.google.android.gms:play-services-auth:19.0.0] AndroidManifest.xml:25:13-46
117            android:exported="false"
117-->[com.google.android.gms:play-services-auth:19.0.0] AndroidManifest.xml:26:13-37
118            android:theme="@android:style/Theme.Translucent.NoTitleBar" />
118-->[com.google.android.gms:play-services-auth:19.0.0] AndroidManifest.xml:27:13-72
119        <!--
120            Service handling Google Sign-In user revocation. For apps that do not integrate with
121            Google Sign-In, this service will never be started.
122        -->
123        <service
123-->[com.google.android.gms:play-services-auth:19.0.0] AndroidManifest.xml:33:9-37:51
124            android:name="com.google.android.gms.auth.api.signin.RevocationBoundService"
124-->[com.google.android.gms:play-services-auth:19.0.0] AndroidManifest.xml:34:13-89
125            android:exported="true"
125-->[com.google.android.gms:play-services-auth:19.0.0] AndroidManifest.xml:35:13-36
126            android:permission="com.google.android.gms.auth.api.signin.permission.REVOCATION_NOTIFICATION"
126-->[com.google.android.gms:play-services-auth:19.0.0] AndroidManifest.xml:36:13-107
127            android:visibleToInstantApps="true" />
127-->[com.google.android.gms:play-services-auth:19.0.0] AndroidManifest.xml:37:13-48
128
129        <activity
129-->[com.google.firebase:firebase-auth:20.0.4] AndroidManifest.xml:27:9-44:20
130            android:name="com.google.firebase.auth.internal.GenericIdpActivity"
130-->[com.google.firebase:firebase-auth:20.0.4] AndroidManifest.xml:28:13-80
131            android:excludeFromRecents="true"
131-->[com.google.firebase:firebase-auth:20.0.4] AndroidManifest.xml:29:13-46
132            android:exported="true"
132-->[com.google.firebase:firebase-auth:20.0.4] AndroidManifest.xml:30:13-36
133            android:launchMode="singleTask"
133-->[com.google.firebase:firebase-auth:20.0.4] AndroidManifest.xml:31:13-44
134            android:theme="@android:style/Theme.Translucent.NoTitleBar" >
134-->[com.google.firebase:firebase-auth:20.0.4] AndroidManifest.xml:32:13-72
135            <intent-filter>
135-->[com.google.firebase:firebase-auth:20.0.4] AndroidManifest.xml:33:13-43:29
136                <action android:name="android.intent.action.VIEW" />
136-->[com.facebook.android:facebook-common:8.2.0] AndroidManifest.xml:40:17-69
136-->[com.facebook.android:facebook-common:8.2.0] AndroidManifest.xml:40:25-66
137
138                <category android:name="android.intent.category.DEFAULT" />
138-->[com.facebook.android:facebook-common:8.2.0] AndroidManifest.xml:42:17-76
138-->[com.facebook.android:facebook-common:8.2.0] AndroidManifest.xml:42:27-73
139                <category android:name="android.intent.category.BROWSABLE" />
139-->[com.facebook.android:facebook-common:8.2.0] AndroidManifest.xml:43:17-78
139-->[com.facebook.android:facebook-common:8.2.0] AndroidManifest.xml:43:27-75
140
141                <data
141-->[com.facebook.android:facebook-common:8.2.0] AndroidManifest.xml:45:17-47:50
142                    android:host="firebase.auth"
142-->[com.facebook.android:facebook-common:8.2.0] AndroidManifest.xml:46:21-56
143                    android:path="/"
144                    android:scheme="genericidp" />
144-->[com.facebook.android:facebook-common:8.2.0] AndroidManifest.xml:47:21-47
145            </intent-filter>
146        </activity>
147        <activity
147-->[com.google.firebase:firebase-auth:20.0.4] AndroidManifest.xml:45:9-62:20
148            android:name="com.google.firebase.auth.internal.RecaptchaActivity"
148-->[com.google.firebase:firebase-auth:20.0.4] AndroidManifest.xml:46:13-79
149            android:excludeFromRecents="true"
149-->[com.google.firebase:firebase-auth:20.0.4] AndroidManifest.xml:47:13-46
150            android:exported="true"
150-->[com.google.firebase:firebase-auth:20.0.4] AndroidManifest.xml:48:13-36
151            android:launchMode="singleTask"
151-->[com.google.firebase:firebase-auth:20.0.4] AndroidManifest.xml:49:13-44
152            android:theme="@android:style/Theme.Translucent.NoTitleBar" >
152-->[com.google.firebase:firebase-auth:20.0.4] AndroidManifest.xml:50:13-72
153            <intent-filter>
153-->[com.google.firebase:firebase-auth:20.0.4] AndroidManifest.xml:51:13-61:29
154                <action android:name="android.intent.action.VIEW" />
154-->[com.facebook.android:facebook-common:8.2.0] AndroidManifest.xml:40:17-69
154-->[com.facebook.android:facebook-common:8.2.0] AndroidManifest.xml:40:25-66
155
156                <category android:name="android.intent.category.DEFAULT" />
156-->[com.facebook.android:facebook-common:8.2.0] AndroidManifest.xml:42:17-76
156-->[com.facebook.android:facebook-common:8.2.0] AndroidManifest.xml:42:27-73
157                <category android:name="android.intent.category.BROWSABLE" />
157-->[com.facebook.android:facebook-common:8.2.0] AndroidManifest.xml:43:17-78
157-->[com.facebook.android:facebook-common:8.2.0] AndroidManifest.xml:43:27-75
158
159                <data
159-->[com.facebook.android:facebook-common:8.2.0] AndroidManifest.xml:45:17-47:50
160                    android:host="firebase.auth"
160-->[com.facebook.android:facebook-common:8.2.0] AndroidManifest.xml:46:21-56
161                    android:path="/"
162                    android:scheme="recaptcha" />
162-->[com.facebook.android:facebook-common:8.2.0] AndroidManifest.xml:47:21-47
163            </intent-filter>
164        </activity>
165
166        <service
166-->[com.google.firebase:firebase-auth:20.0.4] AndroidManifest.xml:64:9-73:19
167            android:name="com.google.firebase.auth.api.fallback.service.FirebaseAuthFallbackService"
167-->[com.google.firebase:firebase-auth:20.0.4] AndroidManifest.xml:65:13-101
168            android:enabled="true"
168-->[com.google.firebase:firebase-auth:20.0.4] AndroidManifest.xml:66:13-35
169            android:exported="false" >
169-->[com.google.firebase:firebase-auth:20.0.4] AndroidManifest.xml:67:13-37
170            <intent-filter>
170-->[com.google.firebase:firebase-auth:20.0.4] AndroidManifest.xml:68:13-72:29
171                <action android:name="com.google.firebase.auth.api.gms.service.START" />
171-->[com.google.firebase:firebase-auth:20.0.4] AndroidManifest.xml:69:17-89
171-->[com.google.firebase:firebase-auth:20.0.4] AndroidManifest.xml:69:25-86
172
173                <category android:name="android.intent.category.DEFAULT" />
173-->[com.facebook.android:facebook-common:8.2.0] AndroidManifest.xml:42:17-76
173-->[com.facebook.android:facebook-common:8.2.0] AndroidManifest.xml:42:27-73
174            </intent-filter>
175        </service>
176
177        <provider
177-->[com.google.firebase:firebase-common:19.5.0] AndroidManifest.xml:26:9-31:39
178            android:name="com.google.firebase.provider.FirebaseInitProvider"
178-->[com.google.firebase:firebase-common:19.5.0] AndroidManifest.xml:27:13-77
179            android:authorities="com.digitalhouse.moviewallet.firebaseinitprovider"
179-->[com.google.firebase:firebase-common:19.5.0] AndroidManifest.xml:28:13-72
180            android:directBootAware="true"
180-->[com.google.firebase:firebase-common:19.5.0] AndroidManifest.xml:29:13-43
181            android:exported="false"
181-->[com.google.firebase:firebase-common:19.5.0] AndroidManifest.xml:30:13-37
182            android:initOrder="100" />
182-->[com.google.firebase:firebase-common:19.5.0] AndroidManifest.xml:31:13-36
183
184        <activity
184-->[com.google.android.gms:play-services-base:17.1.0] AndroidManifest.xml:23:9-26:75
185            android:name="com.google.android.gms.common.api.GoogleApiActivity"
185-->[com.google.android.gms:play-services-base:17.1.0] AndroidManifest.xml:24:13-79
186            android:exported="false"
186-->[com.google.android.gms:play-services-base:17.1.0] AndroidManifest.xml:25:13-37
187            android:theme="@android:style/Theme.Translucent.NoTitleBar" />
187-->[com.google.android.gms:play-services-base:17.1.0] AndroidManifest.xml:26:13-72
188
189        <receiver
189-->[com.google.android.gms:play-services-measurement:18.0.3] AndroidManifest.xml:29:9-33:20
190            android:name="com.google.android.gms.measurement.AppMeasurementReceiver"
190-->[com.google.android.gms:play-services-measurement:18.0.3] AndroidManifest.xml:30:13-85
191            android:enabled="true"
191-->[com.google.android.gms:play-services-measurement:18.0.3] AndroidManifest.xml:31:13-35
192            android:exported="false" >
192-->[com.google.android.gms:play-services-measurement:18.0.3] AndroidManifest.xml:32:13-37
193        </receiver>
194
195        <service
195-->[com.google.android.gms:play-services-measurement:18.0.3] AndroidManifest.xml:35:9-38:40
196            android:name="com.google.android.gms.measurement.AppMeasurementService"
196-->[com.google.android.gms:play-services-measurement:18.0.3] AndroidManifest.xml:36:13-84
197            android:enabled="true"
197-->[com.google.android.gms:play-services-measurement:18.0.3] AndroidManifest.xml:37:13-35
198            android:exported="false" />
198-->[com.google.android.gms:play-services-measurement:18.0.3] AndroidManifest.xml:38:13-37
199        <service
199-->[com.google.android.gms:play-services-measurement:18.0.3] AndroidManifest.xml:39:9-43:72
200            android:name="com.google.android.gms.measurement.AppMeasurementJobService"
200-->[com.google.android.gms:play-services-measurement:18.0.3] AndroidManifest.xml:40:13-87
201            android:enabled="true"
201-->[com.google.android.gms:play-services-measurement:18.0.3] AndroidManifest.xml:41:13-35
202            android:exported="false"
202-->[com.google.android.gms:play-services-measurement:18.0.3] AndroidManifest.xml:42:13-37
203            android:permission="android.permission.BIND_JOB_SERVICE" />
203-->[com.google.android.gms:play-services-measurement:18.0.3] AndroidManifest.xml:43:13-69
204
205        <meta-data
205-->[com.google.android.gms:play-services-basement:17.1.1] AndroidManifest.xml:23:9-25:69
206            android:name="com.google.android.gms.version"
206-->[com.google.android.gms:play-services-basement:17.1.1] AndroidManifest.xml:24:13-58
207            android:value="@integer/google_play_services_version" />
207-->[com.google.android.gms:play-services-basement:17.1.1] AndroidManifest.xml:25:13-66
208        <!--
209         The initialization ContentProvider will call FacebookSdk.sdkInitialize automatically
210         with the application context. This config is merged in with the host app's manifest,
211         but there can only be one provider with the same authority activated at any given
212         point; so if the end user has two or more different apps that use Facebook SDK, only the
213         first one will be able to use the provider. To work around this problem, we use the
214         following placeholder in the authority to identify each host application as if it was
215         a completely different provider.
216        -->
217        <provider
217-->[com.facebook.android:facebook-core:8.2.0] AndroidManifest.xml:39:9-42:40
218            android:name="com.facebook.internal.FacebookInitProvider"
218-->[com.facebook.android:facebook-core:8.2.0] AndroidManifest.xml:40:13-70
219            android:authorities="com.digitalhouse.moviewallet.FacebookInitProvider"
219-->[com.facebook.android:facebook-core:8.2.0] AndroidManifest.xml:41:13-72
220            android:exported="false" />
220-->[com.facebook.android:facebook-core:8.2.0] AndroidManifest.xml:42:13-37
221
222        <receiver
222-->[com.facebook.android:facebook-core:8.2.0] AndroidManifest.xml:44:9-50:20
223            android:name="com.facebook.CurrentAccessTokenExpirationBroadcastReceiver"
223-->[com.facebook.android:facebook-core:8.2.0] AndroidManifest.xml:45:13-86
224            android:exported="false" >
224-->[com.facebook.android:facebook-core:8.2.0] AndroidManifest.xml:46:13-37
225            <intent-filter>
225-->[com.facebook.android:facebook-core:8.2.0] AndroidManifest.xml:47:13-49:29
226                <action android:name="com.facebook.sdk.ACTION_CURRENT_ACCESS_TOKEN_CHANGED" />
226-->[com.facebook.android:facebook-core:8.2.0] AndroidManifest.xml:48:17-95
226-->[com.facebook.android:facebook-core:8.2.0] AndroidManifest.xml:48:25-92
227            </intent-filter>
228        </receiver>
229
230        <provider
230-->[androidx.lifecycle:lifecycle-process:2.0.0] AndroidManifest.xml:23:9-27:43
231            android:name="androidx.lifecycle.ProcessLifecycleOwnerInitializer"
231-->[androidx.lifecycle:lifecycle-process:2.0.0] AndroidManifest.xml:24:13-79
232            android:authorities="com.digitalhouse.moviewallet.lifecycle-process"
232-->[androidx.lifecycle:lifecycle-process:2.0.0] AndroidManifest.xml:25:13-69
233            android:exported="false"
233-->[androidx.lifecycle:lifecycle-process:2.0.0] AndroidManifest.xml:26:13-37
234            android:multiprocess="true" />
234-->[androidx.lifecycle:lifecycle-process:2.0.0] AndroidManifest.xml:27:13-40
235    </application>
236
237</manifest>